app/build/intermediates/manifest_merge_blame_file/debug/manifest-merger-blame-debug-report.txt
1<?xml version="1.0" encoding="utf-8"?>
2<manifest xmlns:android="http://schemas.android.com/apk/res/android"
3    package="com.sohail.googleauth"
4    android:versionCode="1"
5    android:versionName="1.0" >
6
7    <uses-sdk
8        android:minSdkVersion="21"
8-->src\main\AndroidManifest.xml
9        android:targetSdkVersion="32" />
9-->src\main\AndroidManifest.xml
10
11    <uses-permission android:name="android.permission.INTERNET" />
11-->[com.google.firebase:firebase-auth:21.1.0] AndroidManifest.xml:23:5-67
11-->[com.google.firebase:firebase-auth:21.1.0] AndroidManifest.xml:23:22-64
12    <uses-permission android:name="android.permission.ACCESS_NETWORK_STATE" />
12-->[com.google.firebase:firebase-auth:21.1.0] AndroidManifest.xml:24:5-79
12-->[com.google.firebase:firebase-auth:21.1.0] AndroidManifest.xml:24:22-76
13
14    <application
14-->src\main\AndroidManifest.xml:6:5-27:19
15        android:allowBackup="true"
15-->src\main\AndroidManifest.xml:7:9-35
16        android:appComponentFactory="androidx.core.app.CoreComponentFactory"
16-->[androidx.core:core:1.7.0] AndroidManifest.xml:24:18-86
17        android:dataExtractionRules="@xml/data_extraction_rules"
17-->src\main\AndroidManifest.xml:8:9-65
18        android:debuggable="true"
19        android:fullBackupContent="@xml/backup_rules"
19-->src\main\AndroidManifest.xml:9:9-54
20        android:icon="@mipmap/ic_launcher"
20-->src\main\AndroidManifest.xml:10:9-43
21        android:label="@string/app_name"
21-->src\main\AndroidManifest.xml:11:9-41
22        android:roundIcon="@mipmap/ic_launcher_round"
22-->src\main\AndroidManifest.xml:12:9-54
23        android:supportsRtl="true"
23-->src\main\AndroidManifest.xml:13:9-35
24        android:testOnly="true"
25        android:theme="@style/Theme.GoogleAuth" >
25-->src\main\AndroidManifest.xml:14:9-48
26        <activity
26-->src\main\AndroidManifest.xml:16:9-26:20
27            android:name="com.sohail.googleauth.MainActivity"
27-->src\main\AndroidManifest.xml:17:13-41
28            android:exported="true"
28-->src\main\AndroidManifest.xml:18:13-36
29            android:label="@string/app_name"
29-->src\main\AndroidManifest.xml:19:13-45
30            android:theme="@style/Theme.GoogleAuth" >
30-->src\main\AndroidManifest.xml:20:13-52
31            <intent-filter>
31-->src\main\AndroidManifest.xml:21:13-25:29
32                <action android:name="android.intent.action.MAIN" />
32-->src\main\AndroidManifest.xml:22:17-69
32-->src\main\AndroidManifest.xml:22:25-66
33
34                <category android:name="android.intent.category.LAUNCHER" />
34-->src\main\AndroidManifest.xml:24:17-77
34-->src\main\AndroidManifest.xml:24:27-74
35            </intent-filter>
36        </activity>
37
38        <service
38-->[com.google.firebase:firebase-auth-ktx:21.1.0] AndroidManifest.xml:8:9-14:19
39            android:name="com.google.firebase.components.ComponentDiscoveryService"
39-->[com.google.firebase:firebase-auth-ktx:21.1.0] AndroidManifest.xml:9:13-84
40            android:directBootAware="true"
40-->[com.google.firebase:firebase-common:20.2.0] AndroidManifest.xml:34:13-43
41            android:exported="false" >
41-->[com.google.firebase:firebase-auth-ktx:21.1.0] AndroidManifest.xml:10:13-37
42            <meta-data
42-->[com.google.firebase:firebase-auth-ktx:21.1.0] AndroidManifest.xml:11:13-13:85
43                android:name="com.google.firebase.components:com.google.firebase.auth.ktx.FirebaseAuthKtxRegistrar"
43-->[com.google.firebase:firebase-auth-ktx:21.1.0] AndroidManifest.xml:12:17-116
44                android:value="com.google.firebase.components.ComponentRegistrar" />
44-->[com.google.firebase:firebase-auth-ktx:21.1.0] AndroidManifest.xml:13:17-82
45            <meta-data
45-->[com.google.firebase:firebase-common-ktx:20.2.0] AndroidManifest.xml:14:13-16:85
46                android:name="com.google.firebase.components:com.google.firebase.ktx.FirebaseCommonKtxRegistrar"
46-->[com.google.firebase:firebase-common-ktx:20.2.0] AndroidManifest.xml:15:17-113
47                android:value="com.google.firebase.components.ComponentRegistrar" />
47-->[com.google.firebase:firebase-common-ktx:20.2.0] AndroidManifest.xml:16:17-82
48            <meta-data
48-->[com.google.firebase:firebase-auth:21.1.0] AndroidManifest.xml:67:13-69:85
49                android:name="com.google.firebase.components:com.google.firebase.auth.FirebaseAuthRegistrar"
49-->[com.google.firebase:firebase-auth:21.1.0] AndroidManifest.xml:68:17-109
50                android:value="com.google.firebase.components.ComponentRegistrar" />
50-->[com.google.firebase:firebase-auth:21.1.0] AndroidManifest.xml:69:17-82
51        </service>
52
53        <activity
53-->[androidx.compose.ui:ui-tooling:1.2.0] AndroidManifest.xml:24:9-26:39
54            android:name="androidx.compose.ui.tooling.PreviewActivity"
54-->[androidx.compose.ui:ui-tooling:1.2.0] AndroidManifest.xml:25:13-71
55            android:exported="true" />
55-->[androidx.compose.ui:ui-tooling:1.2.0] AndroidManifest.xml:26:13-36
56        <activity
56-->[androidx.compose.ui:ui-test-manifest:1.2.0] AndroidManifest.xml:24:9-26:39
57            android:name="androidx.activity.ComponentActivity"
57-->[androidx.compose.ui:ui-test-manifest:1.2.0] AndroidManifest.xml:25:13-63
58            android:exported="true" />
58-->[androidx.compose.ui:ui-test-manifest:1.2.0] AndroidManifest.xml:26:13-36
59        <activity
59-->[com.google.android.gms:play-services-auth:20.4.0] AndroidManifest.xml:23:9-27:75
60            android:name="com.google.android.gms.auth.api.signin.internal.SignInHubActivity"
60-->[com.google.android.gms:play-services-auth:20.4.0] AndroidManifest.xml:24:13-93
61            android:excludeFromRecents="true"
61-->[com.google.android.gms:play-services-auth:20.4.0] AndroidManifest.xml:25:13-46
62            android:exported="false"
62-->[com.google.android.gms:play-services-auth:20.4.0] AndroidManifest.xml:26:13-37
63            android:theme="@android:style/Theme.Translucent.NoTitleBar" />
63-->[com.google.android.gms:play-services-auth:20.4.0] AndroidManifest.xml:27:13-72
64        <!--
65            Service handling Google Sign-In user revocation. For apps that do not integrate with
66            Google Sign-In, this service will never be started.
67        -->
68        <service
68-->[com.google.android.gms:play-services-auth:20.4.0] AndroidManifest.xml:33:9-37:51
69            android:name="com.google.android.gms.auth.api.signin.RevocationBoundService"
69-->[com.google.android.gms:play-services-auth:20.4.0] AndroidManifest.xml:34:13-89
70            android:exported="true"
70-->[com.google.android.gms:play-services-auth:20.4.0] AndroidManifest.xml:35:13-36
71            android:permission="com.google.android.gms.auth.api.signin.permission.REVOCATION_NOTIFICATION"
71-->[com.google.android.gms:play-services-auth:20.4.0] AndroidManifest.xml:36:13-107
72            android:visibleToInstantApps="true" />
72-->[com.google.android.gms:play-services-auth:20.4.0] AndroidManifest.xml:37:13-48
73
74        <activity
74-->[com.google.firebase:firebase-auth:21.1.0] AndroidManifest.xml:27:9-44:20
75            android:name="com.google.firebase.auth.internal.GenericIdpActivity"
75-->[com.google.firebase:firebase-auth:21.1.0] AndroidManifest.xml:28:13-80
76            android:excludeFromRecents="true"
76-->[com.google.firebase:firebase-auth:21.1.0] AndroidManifest.xml:29:13-46
77            android:exported="true"
77-->[com.google.firebase:firebase-auth:21.1.0] AndroidManifest.xml:30:13-36
78            android:launchMode="singleTask"
78-->[com.google.firebase:firebase-auth:21.1.0] AndroidManifest.xml:31:13-44
79            android:theme="@android:style/Theme.Translucent.NoTitleBar" >
79-->[com.google.firebase:firebase-auth:21.1.0] AndroidManifest.xml:32:13-72
80            <intent-filter>
80-->[com.google.firebase:firebase-auth:21.1.0] AndroidManifest.xml:33:13-43:29
81                <action android:name="android.intent.action.VIEW" />
81-->[com.google.firebase:firebase-auth:21.1.0] AndroidManifest.xml:34:17-69
81-->[com.google.firebase:firebase-auth:21.1.0] AndroidManifest.xml:34:25-66
82
83                <category android:name="android.intent.category.DEFAULT" />
83-->[com.google.firebase:firebase-auth:21.1.0] AndroidManifest.xml:36:17-76
83-->[com.google.firebase:firebase-auth:21.1.0] AndroidManifest.xml:36:27-73
84                <category android:name="android.intent.category.BROWSABLE" />
84-->[com.google.firebase:firebase-auth:21.1.0] AndroidManifest.xml:37:17-78
84-->[com.google.firebase:firebase-auth:21.1.0] AndroidManifest.xml:37:27-75
85
86                <data
86-->[com.google.firebase:firebase-auth:21.1.0] AndroidManifest.xml:39:17-42:51
87                    android:host="firebase.auth"
87-->[com.google.firebase:firebase-auth:21.1.0] AndroidManifest.xml:40:21-49
88                    android:path="/"
88-->[com.google.firebase:firebase-auth:21.1.0] AndroidManifest.xml:41:21-37
89                    android:scheme="genericidp" />
89-->[com.google.firebase:firebase-auth:21.1.0] AndroidManifest.xml:42:21-48
90            </intent-filter>
91        </activity>
92        <activity
92-->[com.google.firebase:firebase-auth:21.1.0] AndroidManifest.xml:45:9-62:20
93            android:name="com.google.firebase.auth.internal.RecaptchaActivity"
93-->[com.google.firebase:firebase-auth:21.1.0] AndroidManifest.xml:46:13-79
94            android:excludeFromRecents="true"
94-->[com.google.firebase:firebase-auth:21.1.0] AndroidManifest.xml:47:13-46
95            android:exported="true"
95-->[com.google.firebase:firebase-auth:21.1.0] AndroidManifest.xml:48:13-36
96            android:launchMode="singleTask"
96-->[com.google.firebase:firebase-auth:21.1.0] AndroidManifest.xml:49:13-44
97            android:theme="@android:style/Theme.Translucent.NoTitleBar" >
97-->[com.google.firebase:firebase-auth:21.1.0] AndroidManifest.xml:50:13-72
98            <intent-filter>
98-->[com.google.firebase:firebase-auth:21.1.0] AndroidManifest.xml:51:13-61:29
99                <action android:name="android.intent.action.VIEW" />
99-->[com.google.firebase:firebase-auth:21.1.0] AndroidManifest.xml:34:17-69
99-->[com.google.firebase:firebase-auth:21.1.0] AndroidManifest.xml:34:25-66
100
101                <category android:name="android.intent.category.DEFAULT" />
101-->[com.google.firebase:firebase-auth:21.1.0] AndroidManifest.xml:36:17-76
101-->[com.google.firebase:firebase-auth:21.1.0] AndroidManifest.xml:36:27-73
102                <category android:name="android.intent.category.BROWSABLE" />
102-->[com.google.firebase:firebase-auth:21.1.0] AndroidManifest.xml:37:17-78
102-->[com.google.firebase:firebase-auth:21.1.0] AndroidManifest.xml:37:27-75
103
104                <data
104-->[com.google.firebase:firebase-auth:21.1.0] AndroidManifest.xml:39:17-42:51
105                    android:host="firebase.auth"
105-->[com.google.firebase:firebase-auth:21.1.0] AndroidManifest.xml:40:21-49
106                    android:path="/"
106-->[com.google.firebase:firebase-auth:21.1.0] AndroidManifest.xml:41:21-37
107                    android:scheme="recaptcha" />
107-->[com.google.firebase:firebase-auth:21.1.0] AndroidManifest.xml:42:21-48
108            </intent-filter>
109        </activity>
110
111        <provider
111-->[com.google.firebase:firebase-common:20.2.0] AndroidManifest.xml:25:9-30:39
112            android:name="com.google.firebase.provider.FirebaseInitProvider"
112-->[com.google.firebase:firebase-common:20.2.0] AndroidManifest.xml:26:13-77
113            android:authorities="com.sohail.googleauth.firebaseinitprovider"
113-->[com.google.firebase:firebase-common:20.2.0] AndroidManifest.xml:27:13-72
114            android:directBootAware="true"
114-->[com.google.firebase:firebase-common:20.2.0] AndroidManifest.xml:28:13-43
115            android:exported="false"
115-->[com.google.firebase:firebase-common:20.2.0] AndroidManifest.xml:29:13-37
116            android:initOrder="100" />
116-->[com.google.firebase:firebase-common:20.2.0] AndroidManifest.xml:30:13-36
117
118        <activity
118-->[com.google.android.gms:play-services-base:18.0.1] AndroidManifest.xml:20:9-22:45
119            android:name="com.google.android.gms.common.api.GoogleApiActivity"
119-->[com.google.android.gms:play-services-base:18.0.1] AndroidManifest.xml:20:19-85
120            android:exported="false"
120-->[com.google.android.gms:play-services-base:18.0.1] AndroidManifest.xml:22:19-43
121            android:theme="@android:style/Theme.Translucent.NoTitleBar" />
121-->[com.google.android.gms:play-services-base:18.0.1] AndroidManifest.xml:21:19-78
122
123        <meta-data
123-->[com.google.android.gms:play-services-basement:18.1.0] AndroidManifest.xml:21:9-23:69
124            android:name="com.google.android.gms.version"
124-->[com.google.android.gms:play-services-basement:18.1.0] AndroidManifest.xml:22:13-58
125            android:value="@integer/google_play_services_version" />
125-->[com.google.android.gms:play-services-basement:18.1.0] AndroidManifest.xml:23:13-66
126
127        <provider
127-->[androidx.profileinstaller:profileinstaller:1.2.0] AndroidManifest.xml:25:9-33:20
128            android:name="androidx.startup.InitializationProvider"
128-->[androidx.profileinstaller:profileinstaller:1.2.0] AndroidManifest.xml:26:13-67
129            android:authorities="com.sohail.googleauth.androidx-startup"
129-->[androidx.profileinstaller:profileinstaller:1.2.0] AndroidManifest.xml:27:13-68
130            android:exported="false" >
130-->[androidx.profileinstaller:profileinstaller:1.2.0] AndroidManifest.xml:28:13-37
131            <meta-data
131-->[androidx.profileinstaller:profileinstaller:1.2.0] AndroidManifest.xml:30:13-32:52
132                android:name="androidx.profileinstaller.ProfileInstallerInitializer"
132-->[androidx.profileinstaller:profileinstaller:1.2.0] AndroidManifest.xml:31:17-85
133                android:value="androidx.startup" />
133-->[androidx.profileinstaller:profileinstaller:1.2.0] AndroidManifest.xml:32:17-49
134        </provider>
135
136        <receiver
136-->[androidx.profileinstaller:profileinstaller:1.2.0] AndroidManifest.xml:35:9-47:20
137            android:name="androidx.profileinstaller.ProfileInstallReceiver"
137-->[androidx.profileinstaller:profileinstaller:1.2.0] AndroidManifest.xml:36:13-76
138            android:directBootAware="false"
138-->[androidx.profileinstaller:profileinstaller:1.2.0] AndroidManifest.xml:37:13-44
139            android:enabled="true"
139-->[androidx.profileinstaller:profileinstaller:1.2.0] AndroidManifest.xml:38:13-35
140            android:exported="true"
140-->[androidx.profileinstaller:profileinstaller:1.2.0] AndroidManifest.xml:39:13-36
141            android:permission="android.permission.DUMP" >
141-->[androidx.profileinstaller:profileinstaller:1.2.0] AndroidManifest.xml:40:13-57
142            <intent-filter>
142-->[androidx.profileinstaller:profileinstaller:1.2.0] AndroidManifest.xml:41:13-43:29
143                <action android:name="androidx.profileinstaller.action.INSTALL_PROFILE" />
143-->[androidx.profileinstaller:profileinstaller:1.2.0] AndroidManifest.xml:42:17-91
143-->[androidx.profileinstaller:profileinstaller:1.2.0] AndroidManifest.xml:42:25-88
144            </intent-filter>
145            <intent-filter>
145-->[androidx.profileinstaller:profileinstaller:1.2.0] AndroidManifest.xml:44:13-46:29
146                <action android:name="androidx.profileinstaller.action.SKIP_FILE" />
146-->[androidx.profileinstaller:profileinstaller:1.2.0] AndroidManifest.xml:45:17-85
146-->[androidx.profileinstaller:profileinstaller:1.2.0] AndroidManifest.xml:45:25-82
147            </intent-filter>
148        </receiver>
149    </application>
150
151</manifest>